[05-Aug-2025 23:42:11 Asia/Kolkata] Login attempt - Email: admin@saisevafoundation.org, Type: admin
[05-Aug-2025 23:42:11 Asia/Kolkata] User found - ID: 4, Hash: $2y$10$iRBIcXUp2Dxh/...
[05-Aug-2025 23:42:11 Asia/Kolkata] Password verified successfully for user ID: 4
[05-Aug-2025 23:42:11 Asia/Kolkata] Login error: Query failed: SQLSTATE[HY093]: Invalid parameter number: mixed named and positional parameters
[05-Aug-2025 23:42:17 Asia/Kolkata] Login attempt - Email: admin@saisevafoundation.org, Type: admin
[05-Aug-2025 23:42:17 Asia/Kolkata] User found - ID: 4, Hash: $2y$10$iRBIcXUp2Dxh/...
[05-Aug-2025 23:42:17 Asia/Kolkata] Password verified successfully for user ID: 4
[05-Aug-2025 23:42:17 Asia/Kolkata] Login error: Query failed: SQLSTATE[HY093]: Invalid parameter number: mixed named and positional parameters
[05-Aug-2025 23:54:46 Asia/Kolkata] PHP Fatal error:  Cannot redeclare response() (previously declared in C:\xampp\htdocs\ngo-website\api\auth.php:185) in C:\xampp\htdocs\ngo-website\includes\functions.php on line 6
[05-Aug-2025 23:55:03 Asia/Kolkata] PHP Fatal error:  Cannot redeclare response() (previously declared in C:\xampp\htdocs\ngo-website\api\auth.php:185) in C:\xampp\htdocs\ngo-website\includes\functions.php on line 6
[05-Aug-2025 23:55:05 Asia/Kolkata] PHP Fatal error:  Cannot redeclare response() (previously declared in C:\xampp\htdocs\ngo-website\api\auth.php:185) in C:\xampp\htdocs\ngo-website\includes\functions.php on line 6
[05-Aug-2025 23:55:05 Asia/Kolkata] PHP Fatal error:  Cannot redeclare response() (previously declared in C:\xampp\htdocs\ngo-website\api\auth.php:185) in C:\xampp\htdocs\ngo-website\includes\functions.php on line 6
[05-Aug-2025 23:55:11 Asia/Kolkata] PHP Fatal error:  Cannot redeclare response() (previously declared in C:\xampp\htdocs\ngo-website\api\auth.php:185) in C:\xampp\htdocs\ngo-website\includes\functions.php on line 6
[05-Aug-2025 23:56:03 Asia/Kolkata] PHP Fatal error:  Cannot redeclare response() (previously declared in C:\xampp\htdocs\ngo-website\api\auth.php:185) in C:\xampp\htdocs\ngo-website\includes\functions.php on line 6
[05-Aug-2025 23:56:58 Asia/Kolkata] PHP Fatal error:  Cannot redeclare response() (previously declared in C:\xampp\htdocs\ngo-website\api\auth.php:185) in C:\xampp\htdocs\ngo-website\includes\functions.php on line 6
[05-Aug-2025 23:57:02 Asia/Kolkata] PHP Fatal error:  Cannot redeclare response() (previously declared in C:\xampp\htdocs\ngo-website\api\auth.php:185) in C:\xampp\htdocs\ngo-website\includes\functions.php on line 6
[05-Aug-2025 23:57:05 Asia/Kolkata] PHP Fatal error:  Cannot redeclare response() (previously declared in C:\xampp\htdocs\ngo-website\api\auth.php:185) in C:\xampp\htdocs\ngo-website\includes\functions.php on line 6
[05-Aug-2025 23:57:15 Asia/Kolkata] PHP Fatal error:  Cannot redeclare response() (previously declared in C:\xampp\htdocs\ngo-website\api\auth.php:185) in C:\xampp\htdocs\ngo-website\includes\functions.php on line 6
[05-Aug-2025 23:57:29 Asia/Kolkata] PHP Fatal error:  Cannot redeclare response() (previously declared in C:\xampp\htdocs\ngo-website\api\auth.php:185) in C:\xampp\htdocs\ngo-website\includes\functions.php on line 6
[05-Aug-2025 23:58:06 Asia/Kolkata] PHP Fatal error:  Cannot redeclare response() (previously declared in C:\xampp\htdocs\ngo-website\api\auth.php:185) in C:\xampp\htdocs\ngo-website\includes\functions.php on line 6
[05-Aug-2025 23:58:46 Asia/Kolkata] PHP Fatal error:  Cannot redeclare response() (previously declared in C:\xampp\htdocs\ngo-website\api\auth.php:185) in C:\xampp\htdocs\ngo-website\includes\functions.php on line 6
[06-Aug-2025 00:01:20 Asia/Kolkata] PHP Fatal error:  Cannot redeclare response() (previously declared in C:\xampp\htdocs\ngo-website\api\auth.php:185) in C:\xampp\htdocs\ngo-website\includes\functions.php on line 6
[06-Aug-2025 00:01:43 Asia/Kolkata] PHP Fatal error:  Cannot redeclare response() (previously declared in C:\xampp\htdocs\ngo-website\api\auth.php:185) in C:\xampp\htdocs\ngo-website\includes\functions.php on line 6
[06-Aug-2025 00:01:46 Asia/Kolkata] PHP Fatal error:  Cannot redeclare response() (previously declared in C:\xampp\htdocs\ngo-website\api\auth.php:185) in C:\xampp\htdocs\ngo-website\includes\functions.php on line 6
[06-Aug-2025 00:02:55 Asia/Kolkata] PHP Fatal error:  Cannot redeclare response() (previously declared in C:\xampp\htdocs\ngo-website\api\auth.php:185) in C:\xampp\htdocs\ngo-website\includes\functions.php on line 6
